Determining if the pthread_create exist failed with the following output:
Change Dir: /home/stumper/catkin_ws/build/CMakeFiles/CMakeTmp

Run Build Command:"/usr/bin/gmake" "cmTC_74ac2/fast"
/usr/bin/gmake -f CMakeFiles/cmTC_74ac2.dir/build.make CMakeFiles/cmTC_74ac2.dir/build
gmake[1]: Entering directory '/home/stumper/catkin_ws/build/CMakeFiles/CMakeTmp'
Building C object CMakeFiles/cmTC_74ac2.dir/CheckSymbolExists.c.o
/usr/bin/cc    -o CMakeFiles/cmTC_74ac2.dir/CheckSymbolExists.c.o   -c /home/stumper/catkin_ws/build/CMakeFiles/CMakeTmp/CheckSymbolExists.c
Linking C executable cmTC_74ac2
/usr/bin/cmake -E cmake_link_script CMakeFiles/cmTC_74ac2.dir/link.txt --verbose=1
/usr/bin/cc      -rdynamic CMakeFiles/cmTC_74ac2.dir/CheckSymbolExists.c.o  -o cmTC_74ac2 
CMakeFiles/cmTC_74ac2.dir/CheckSymbolExists.c.o: In function `main':
CheckSymbolExists.c:(.text+0x1b): undefined reference to `pthread_create'
collect2: error: ld returned 1 exit status
CMakeFiles/cmTC_74ac2.dir/build.make:97: recipe for target 'cmTC_74ac2' failed
gmake[1]: *** [cmTC_74ac2] Error 1
gmake[1]: Leaving directory '/home/stumper/catkin_ws/build/CMakeFiles/CMakeTmp'
Makefile:126: recipe for target 'cmTC_74ac2/fast' failed
gmake: *** [cmTC_74ac2/fast] Error 2

File /home/stumper/catkin_ws/build/CMakeFiles/CMakeTmp/CheckSymbolExists.c:
/* */
#include <pthread.h>

int main(int argc, char** argv)
{
  (void)argv;
#ifndef pthread_create
  return ((int*)(&pthread_create))[argc];
#else
  (void)argc;
  return 0;
#endif
}

Determining if the function pthread_create exists in the pthreads failed with the following output:
Change Dir: /home/stumper/catkin_ws/build/CMakeFiles/CMakeTmp

Run Build Command:"/usr/bin/gmake" "cmTC_fec12/fast"
/usr/bin/gmake -f CMakeFiles/cmTC_fec12.dir/build.make CMakeFiles/cmTC_fec12.dir/build
gmake[1]: Entering directory '/home/stumper/catkin_ws/build/CMakeFiles/CMakeTmp'
Building C object CMakeFiles/cmTC_fec12.dir/CheckFunctionExists.c.o
/usr/bin/cc   -DCHECK_FUNCTION_EXISTS=pthread_create   -o CMakeFiles/cmTC_fec12.dir/CheckFunctionExists.c.o   -c /usr/share/cmake-3.10/Modules/CheckFunctionExists.c
Linking C executable cmTC_fec12
/usr/bin/cmake -E cmake_link_script CMakeFiles/cmTC_fec12.dir/link.txt --verbose=1
/usr/bin/cc  -DCHECK_FUNCTION_EXISTS=pthread_create    -rdynamic CMakeFiles/cmTC_fec12.dir/CheckFunctionExists.c.o  -o cmTC_fec12 -lpthreads 
/usr/bin/ld: cannot find -lpthreads
collect2: error: ld returned 1 exit status
CMakeFiles/cmTC_fec12.dir/build.make:97: recipe for target 'cmTC_fec12' failed
gmake[1]: *** [cmTC_fec12] Error 1
gmake[1]: Leaving directory '/home/stumper/catkin_ws/build/CMakeFiles/CMakeTmp'
Makefile:126: recipe for target 'cmTC_fec12/fast' failed
gmake: *** [cmTC_fec12/fast] Error 2


